This is pdfTeX, Version 3.14159265-2.6-1.40.18 (TeX Live 2017/Arch Linux) (preloaded format=pdflatex 2017.11.26)  11 FEB 2018 12:50
entering extended mode
 restricted \write18 enabled.
 %&-line parsing enabled.
**report.tex
(./report.tex
LaTeX2e <2017-04-15>
Babel <3.15> and hyphenation patterns for 84 language(s) loaded.
(/usr/share/texmf-dist/tex/latex/base/article.cls
Document Class: article 2014/09/29 v1.4h Standard LaTeX document class
(/usr/share/texmf-dist/tex/latex/base/size11.clo
File: size11.clo 2014/09/29 v1.4h Standard LaTeX file (size option)
)
\c@part=\count79
\c@section=\count80
\c@subsection=\count81
\c@subsubsection=\count82
\c@paragraph=\count83
\c@subparagraph=\count84
\c@figure=\count85
\c@table=\count86
\abovecaptionskip=\skip41
\belowcaptionskip=\skip42
\bibindent=\dimen102
)
(/usr/share/texmf-dist/tex/generic/babel/babel.sty
Package: babel 2017/11/03 3.15 The Babel package

(/usr/share/texmf-dist/tex/generic/babel/switch.def
File: switch.def 2017/11/03 3.15 Babel switching mechanism
)
(/usr/share/texmf-dist/tex/generic/babel-english/english.ldf
Language: english 2017/06/06 v3.3r English support from the babel system

(/usr/share/texmf-dist/tex/generic/babel/babel.def
File: babel.def 2017/11/03 3.15 Babel common definitions

(/usr/share/texmf-dist/tex/generic/babel/switch.def
File: switch.def 2017/11/03 3.15 Babel switching mechanism
)
\babel@savecnt=\count87
\U@D=\dimen103
)
\l@canadian = a dialect from \language\l@american 
\l@australian = a dialect from \language\l@british 
\l@newzealand = a dialect from \language\l@british 
))
(/usr/share/texmf-dist/tex/latex/base/inputenc.sty
Package: inputenc 2015/03/17 v1.2c Input encoding file
\inpenc@prehook=\toks14
\inpenc@posthook=\toks15

(/usr/share/texmf-dist/tex/latex/base/utf8.def
File: utf8.def 2017/01/28 v1.1t UTF-8 support for inputenc
Now handling font encoding OML ...
... no UTF-8 mapping file for font encoding OML
Now handling font encoding T1 ...
... processing UTF-8 mapping file for font encoding T1

(/usr/share/texmf-dist/tex/latex/base/t1enc.dfu
File: t1enc.dfu 2017/01/28 v1.1t UTF-8 support for inputenc
   defining Unicode char U+00A0 (decimal 160)
   defining Unicode char U+00A1 (decimal 161)
   defining Unicode char U+00A3 (decimal 163)
   defining Unicode char U+00AB (decimal 171)
   defining Unicode char U+00AD (decimal 173)
   defining Unicode char U+00BB (decimal 187)
   defining Unicode char U+00BF (decimal 191)
   defining Unicode char U+00C0 (decimal 192)
   defining Unicode char U+00C1 (decimal 193)
   defining Unicode char U+00C2 (decimal 194)
   defining Unicode char U+00C3 (decimal 195)
   defining Unicode char U+00C4 (decimal 196)
   defining Unicode char U+00C5 (decimal 197)
   defining Unicode char U+00C6 (decimal 198)
   defining Unicode char U+00C7 (decimal 199)
   defining Unicode char U+00C8 (decimal 200)
   defining Unicode char U+00C9 (decimal 201)
   defining Unicode char U+00CA (decimal 202)
   defining Unicode char U+00CB (decimal 203)
   defining Unicode char U+00CC (decimal 204)
   defining Unicode char U+00CD (decimal 205)
   defining Unicode char U+00CE (decimal 206)
   defining Unicode char U+00CF (decimal 207)
   defining Unicode char U+00D0 (decimal 208)
   defining Unicode char U+00D1 (decimal 209)
   defining Unicode char U+00D2 (decimal 210)
   defining Unicode char U+00D3 (decimal 211)
   defining Unicode char U+00D4 (decimal 212)
   defining Unicode char U+00D5 (decimal 213)
   defining Unicode char U+00D6 (decimal 214)
   defining Unicode char U+00D8 (decimal 216)
   defining Unicode char U+00D9 (decimal 217)
   defining Unicode char U+00DA (decimal 218)
   defining Unicode char U+00DB (decimal 219)
   defining Unicode char U+00DC (decimal 220)
   defining Unicode char U+00DD (decimal 221)
   defining Unicode char U+00DE (decimal 222)
   defining Unicode char U+00DF (decimal 223)
   defining Unicode char U+00E0 (decimal 224)
   defining Unicode char U+00E1 (decimal 225)
   defining Unicode char U+00E2 (decimal 226)
   defining Unicode char U+00E3 (decimal 227)
   defining Unicode char U+00E4 (decimal 228)
   defining Unicode char U+00E5 (decimal 229)
   defining Unicode char U+00E6 (decimal 230)
   defining Unicode char U+00E7 (decimal 231)
   defining Unicode char U+00E8 (decimal 232)
   defining Unicode char U+00E9 (decimal 233)
   defining Unicode char U+00EA (decimal 234)
   defining Unicode char U+00EB (decimal 235)
   defining Unicode char U+00EC (decimal 236)
   defining Unicode char U+00ED (decimal 237)
   defining Unicode char U+00EE (decimal 238)
   defining Unicode char U+00EF (decimal 239)
   defining Unicode char U+00F0 (decimal 240)
   defining Unicode char U+00F1 (decimal 241)
   defining Unicode char U+00F2 (decimal 242)
   defining Unicode char U+00F3 (decimal 243)
   defining Unicode char U+00F4 (decimal 244)
   defining Unicode char U+00F5 (decimal 245)
   defining Unicode char U+00F6 (decimal 246)
   defining Unicode char U+00F8 (decimal 248)
   defining Unicode char U+00F9 (decimal 249)
   defining Unicode char U+00FA (decimal 250)
   defining Unicode char U+00FB (decimal 251)
   defining Unicode char U+00FC (decimal 252)
   defining Unicode char U+00FD (decimal 253)
   defining Unicode char U+00FE (decimal 254)
   defining Unicode char U+00FF (decimal 255)
   defining Unicode char U+0100 (decimal 256)
   defining Unicode char U+0101 (decimal 257)
   defining Unicode char U+0102 (decimal 258)
   defining Unicode char U+0103 (decimal 259)
   defining Unicode char U+0104 (decimal 260)
   defining Unicode char U+0105 (decimal 261)
   defining Unicode char U+0106 (decimal 262)
   defining Unicode char U+0107 (decimal 263)
   defining Unicode char U+0108 (decimal 264)
   defining Unicode char U+0109 (decimal 265)
   defining Unicode char U+010A (decimal 266)
   defining Unicode char U+010B (decimal 267)
   defining Unicode char U+010C (decimal 268)
   defining Unicode char U+010D (decimal 269)
   defining Unicode char U+010E (decimal 270)
   defining Unicode char U+010F (decimal 271)
   defining Unicode char U+0110 (decimal 272)
   defining Unicode char U+0111 (decimal 273)
   defining Unicode char U+0112 (decimal 274)
   defining Unicode char U+0113 (decimal 275)
   defining Unicode char U+0114 (decimal 276)
   defining Unicode char U+0115 (decimal 277)
   defining Unicode char U+0116 (decimal 278)
   defining Unicode char U+0117 (decimal 279)
   defining Unicode char U+0118 (decimal 280)
   defining Unicode char U+0119 (decimal 281)
   defining Unicode char U+011A (decimal 282)
   defining Unicode char U+011B (decimal 283)
   defining Unicode char U+011C (decimal 284)
   defining Unicode char U+011D (decimal 285)
   defining Unicode char U+011E (decimal 286)
   defining Unicode char U+011F (decimal 287)
   defining Unicode char U+0120 (decimal 288)
   defining Unicode char U+0121 (decimal 289)
   defining Unicode char U+0122 (decimal 290)
   defining Unicode char U+0123 (decimal 291)
   defining Unicode char U+0124 (decimal 292)
   defining Unicode char U+0125 (decimal 293)
   defining Unicode char U+0128 (decimal 296)
   defining Unicode char U+0129 (decimal 297)
   defining Unicode char U+012A (decimal 298)
   defining Unicode char U+012B (decimal 299)
   defining Unicode char U+012C (decimal 300)
   defining Unicode char U+012D (decimal 301)
   defining Unicode char U+012E (decimal 302)
   defining Unicode char U+012F (decimal 303)
   defining Unicode char U+0130 (decimal 304)
   defining Unicode char U+0131 (decimal 305)
   defining Unicode char U+0132 (decimal 306)
   defining Unicode char U+0133 (decimal 307)
   defining Unicode char U+0134 (decimal 308)
   defining Unicode char U+0135 (decimal 309)
   defining Unicode char U+0136 (decimal 310)
   defining Unicode char U+0137 (decimal 311)
   defining Unicode char U+0139 (decimal 313)
   defining Unicode char U+013A (decimal 314)
   defining Unicode char U+013B (decimal 315)
   defining Unicode char U+013C (decimal 316)
   defining Unicode char U+013D (decimal 317)
   defining Unicode char U+013E (decimal 318)
   defining Unicode char U+0141 (decimal 321)
   defining Unicode char U+0142 (decimal 322)
   defining Unicode char U+0143 (decimal 323)
   defining Unicode char U+0144 (decimal 324)
   defining Unicode char U+0145 (decimal 325)
   defining Unicode char U+0146 (decimal 326)
   defining Unicode char U+0147 (decimal 327)
   defining Unicode char U+0148 (decimal 328)
   defining Unicode char U+014A (decimal 330)
   defining Unicode char U+014B (decimal 331)
   defining Unicode char U+014C (decimal 332)
   defining Unicode char U+014D (decimal 333)
   defining Unicode char U+014E (decimal 334)
   defining Unicode char U+014F (decimal 335)
   defining Unicode char U+0150 (decimal 336)
   defining Unicode char U+0151 (decimal 337)
   defining Unicode char U+0152 (decimal 338)
   defining Unicode char U+0153 (decimal 339)
   defining Unicode char U+0154 (decimal 340)
   defining Unicode char U+0155 (decimal 341)
   defining Unicode char U+0156 (decimal 342)
   defining Unicode char U+0157 (decimal 343)
   defining Unicode char U+0158 (decimal 344)
   defining Unicode char U+0159 (decimal 345)
   defining Unicode char U+015A (decimal 346)
   defining Unicode char U+015B (decimal 347)
   defining Unicode char U+015C (decimal 348)
   defining Unicode char U+015D (decimal 349)
   defining Unicode char U+015E (decimal 350)
   defining Unicode char U+015F (decimal 351)
   defining Unicode char U+0160 (decimal 352)
   defining Unicode char U+0161 (decimal 353)
   defining Unicode char U+0162 (decimal 354)
   defining Unicode char U+0163 (decimal 355)
   defining Unicode char U+0164 (decimal 356)
   defining Unicode char U+0165 (decimal 357)
   defining Unicode char U+0168 (decimal 360)
   defining Unicode char U+0169 (decimal 361)
   defining Unicode char U+016A (decimal 362)
   defining Unicode char U+016B (decimal 363)
   defining Unicode char U+016C (decimal 364)
   defining Unicode char U+016D (decimal 365)
   defining Unicode char U+016E (decimal 366)
   defining Unicode char U+016F (decimal 367)
   defining Unicode char U+0170 (decimal 368)
   defining Unicode char U+0171 (decimal 369)
   defining Unicode char U+0172 (decimal 370)
   defining Unicode char U+0173 (decimal 371)
   defining Unicode char U+0174 (decimal 372)
   defining Unicode char U+0175 (decimal 373)
   defining Unicode char U+0176 (decimal 374)
   defining Unicode char U+0177 (decimal 375)
   defining Unicode char U+0178 (decimal 376)
   defining Unicode char U+0179 (decimal 377)
   defining Unicode char U+017A (decimal 378)
   defining Unicode char U+017B (decimal 379)
   defining Unicode char U+017C (decimal 380)
   defining Unicode char U+017D (decimal 381)
   defining Unicode char U+017E (decimal 382)
   defining Unicode char U+01CD (decimal 461)
   defining Unicode char U+01CE (decimal 462)
   defining Unicode char U+01CF (decimal 463)
   defining Unicode char U+01D0 (decimal 464)
   defining Unicode char U+01D1 (decimal 465)
   defining Unicode char U+01D2 (decimal 466)
   defining Unicode char U+01D3 (decimal 467)
   defining Unicode char U+01D4 (decimal 468)
   defining Unicode char U+01E2 (decimal 482)
   defining Unicode char U+01E3 (decimal 483)
   defining Unicode char U+01E6 (decimal 486)
   defining Unicode char U+01E7 (decimal 487)
   defining Unicode char U+01E8 (decimal 488)
   defining Unicode char U+01E9 (decimal 489)
   defining Unicode char U+01EA (decimal 490)
   defining Unicode char U+01EB (decimal 491)
   defining Unicode char U+01F0 (decimal 496)
   defining Unicode char U+01F4 (decimal 500)
   defining Unicode char U+01F5 (decimal 501)
   defining Unicode char U+0218 (decimal 536)
   defining Unicode char U+0219 (decimal 537)
   defining Unicode char U+021A (decimal 538)
   defining Unicode char U+021B (decimal 539)
   defining Unicode char U+0232 (decimal 562)
   defining Unicode char U+0233 (decimal 563)
   defining Unicode char U+1E02 (decimal 7682)
   defining Unicode char U+1E03 (decimal 7683)
   defining Unicode char U+200C (decimal 8204)
   defining Unicode char U+2010 (decimal 8208)
   defining Unicode char U+2011 (decimal 8209)
   defining Unicode char U+2012 (decimal 8210)
   defining Unicode char U+2013 (decimal 8211)
   defining Unicode char U+2014 (decimal 8212)
   defining Unicode char U+2015 (decimal 8213)
   defining Unicode char U+2018 (decimal 8216)
   defining Unicode char U+2019 (decimal 8217)
   defining Unicode char U+201A (decimal 8218)
   defining Unicode char U+201C (decimal 8220)
   defining Unicode char U+201D (decimal 8221)
   defining Unicode char U+201E (decimal 8222)
   defining Unicode char U+2030 (decimal 8240)
   defining Unicode char U+2031 (decimal 8241)
   defining Unicode char U+2039 (decimal 8249)
   defining Unicode char U+203A (decimal 8250)
   defining Unicode char U+2423 (decimal 9251)
   defining Unicode char U+1E20 (decimal 7712)
   defining Unicode char U+1E21 (decimal 7713)
)
Now handling font encoding OT1 ...
... processing UTF-8 mapping file for font encoding OT1

(/usr/share/texmf-dist/tex/latex/base/ot1enc.dfu
File: ot1enc.dfu 2017/01/28 v1.1t UTF-8 support for inputenc
   defining Unicode char U+00A0 (decimal 160)
   defining Unicode char U+00A1 (decimal 161)
   defining Unicode char U+00A3 (decimal 163)
   defining Unicode char U+00AD (decimal 173)
   defining Unicode char U+00B8 (decimal 184)
   defining Unicode char U+00BF (decimal 191)
   defining Unicode char U+00C5 (decimal 197)
   defining Unicode char U+00C6 (decimal 198)
   defining Unicode char U+00D8 (decimal 216)
   defining Unicode char U+00DF (decimal 223)
   defining Unicode char U+00E6 (decimal 230)
   defining Unicode char U+00EC (decimal 236)
   defining Unicode char U+00ED (decimal 237)
   defining Unicode char U+00EE (decimal 238)
   defining Unicode char U+00EF (decimal 239)
   defining Unicode char U+00F8 (decimal 248)
   defining Unicode char U+0131 (decimal 305)
   defining Unicode char U+0141 (decimal 321)
   defining Unicode char U+0142 (decimal 322)
   defining Unicode char U+0152 (decimal 338)
   defining Unicode char U+0153 (decimal 339)
   defining Unicode char U+0174 (decimal 372)
   defining Unicode char U+0175 (decimal 373)
   defining Unicode char U+0176 (decimal 374)
   defining Unicode char U+0177 (decimal 375)
   defining Unicode char U+0218 (decimal 536)
   defining Unicode char U+0219 (decimal 537)
   defining Unicode char U+021A (decimal 538)
   defining Unicode char U+021B (decimal 539)
   defining Unicode char U+2013 (decimal 8211)
   defining Unicode char U+2014 (decimal 8212)
   defining Unicode char U+2018 (decimal 8216)
   defining Unicode char U+2019 (decimal 8217)
   defining Unicode char U+201C (decimal 8220)
   defining Unicode char U+201D (decimal 8221)
)
Now handling font encoding OMS ...
... processing UTF-8 mapping file for font encoding OMS

(/usr/share/texmf-dist/tex/latex/base/omsenc.dfu
File: omsenc.dfu 2017/01/28 v1.1t UTF-8 support for inputenc
   defining Unicode char U+00A7 (decimal 167)
   defining Unicode char U+00B6 (decimal 182)
   defining Unicode char U+00B7 (decimal 183)
   defining Unicode char U+2020 (decimal 8224)
   defining Unicode char U+2021 (decimal 8225)
   defining Unicode char U+2022 (decimal 8226)
)
Now handling font encoding OMX ...
... no UTF-8 mapping file for font encoding OMX
Now handling font encoding U ...
... no UTF-8 mapping file for font encoding U
   defining Unicode char U+00A9 (decimal 169)
   defining Unicode char U+00AA (decimal 170)
   defining Unicode char U+00AE (decimal 174)
   defining Unicode char U+00BA (decimal 186)
   defining Unicode char U+02C6 (decimal 710)
   defining Unicode char U+02DC (decimal 732)
   defining Unicode char U+200C (decimal 8204)
   defining Unicode char U+2026 (decimal 8230)
   defining Unicode char U+2122 (decimal 8482)
   defining Unicode char U+2423 (decimal 9251)
))
(/usr/share/texmf-dist/tex/latex/geometry/geometry.sty
Package: geometry 2010/09/12 v5.6 Page Geometry

(/usr/share/texmf-dist/tex/latex/graphics/keyval.sty
Package: keyval 2014/10/28 v1.15 key=value parser (DPC)
\KV@toks@=\toks16
)
(/usr/share/texmf-dist/tex/generic/oberdiek/ifpdf.sty
Package: ifpdf 2017/03/15 v3.2 Provides the ifpdf switch
)
(/usr/share/texmf-dist/tex/generic/oberdiek/ifvtex.sty
Package: ifvtex 2016/05/16 v1.6 Detect VTeX and its facilities (HO)
Package ifvtex Info: VTeX not detected.
)
(/usr/share/texmf-dist/tex/generic/ifxetex/ifxetex.sty
Package: ifxetex 2010/09/12 v0.6 Provides ifxetex conditional
)
\Gm@cnth=\count88
\Gm@cntv=\count89
\c@Gm@tempcnt=\count90
\Gm@bindingoffset=\dimen104
\Gm@wd@mp=\dimen105
\Gm@odd@mp=\dimen106
\Gm@even@mp=\dimen107
\Gm@layoutwidth=\dimen108
\Gm@layoutheight=\dimen109
\Gm@layouthoffset=\dimen110
\Gm@layoutvoffset=\dimen111
\Gm@dimlist=\toks17
)
(/usr/share/texmf-dist/tex/latex/graphics/graphicx.sty
Package: graphicx 2017/06/01 v1.1a Enhanced LaTeX Graphics (DPC,SPQR)

(/usr/share/texmf-dist/tex/latex/graphics/graphics.sty
Package: graphics 2017/06/25 v1.2c Standard LaTeX Graphics (DPC,SPQR)

(/usr/share/texmf-dist/tex/latex/graphics/trig.sty
Package: trig 2016/01/03 v1.10 sin cos tan (DPC)
)
(/usr/share/texmf-dist/tex/latex/graphics-cfg/graphics.cfg
File: graphics.cfg 2016/06/04 v1.11 sample graphics configuration
)
Package graphics Info: Driver file: pdftex.def on input line 99.

(/usr/share/texmf-dist/tex/latex/graphics-def/pdftex.def
File: pdftex.def 2017/06/24 v1.0g Graphics/color driver for pdftex
))
\Gin@req@height=\dimen112
\Gin@req@width=\dimen113
)
(/usr/share/texmf-dist/tex/latex/caption/caption.sty
Package: caption 2016/02/21 v3.3-144 Customizing captions (AR)

(/usr/share/texmf-dist/tex/latex/caption/caption3.sty
Package: caption3 2016/05/22 v1.7-166 caption3 kernel (AR)
Package caption3 Info: TeX engine: e-TeX on input line 67.
\captionmargin=\dimen114
\captionmargin@=\dimen115
\captionwidth=\dimen116
\caption@tempdima=\dimen117
\caption@indent=\dimen118
\caption@parindent=\dimen119
\caption@hangindent=\dimen120
)
\c@ContinuedFloat=\count91
)
(/usr/share/texmf-dist/tex/latex/caption/subcaption.sty
Package: subcaption 2016/05/22 v1.1-161 Sub-captions (AR)
\c@subfigure=\count92
\c@subtable=\count93
)
(/usr/share/texmf-dist/tex/latex/amsmath/amsmath.sty
Package: amsmath 2017/09/02 v2.17a AMS math features
\@mathmargin=\skip43

For additional information on amsmath, use the `?' option.
(/usr/share/texmf-dist/tex/latex/amsmath/amstext.sty
Package: amstext 2000/06/29 v2.01 AMS text

(/usr/share/texmf-dist/tex/latex/amsmath/amsgen.sty
File: amsgen.sty 1999/11/30 v2.0 generic functions
\@emptytoks=\toks18
\ex@=\dimen121
))
(/usr/share/texmf-dist/tex/latex/amsmath/amsbsy.sty
Package: amsbsy 1999/11/29 v1.2d Bold Symbols
\pmbraise@=\dimen122
)
(/usr/share/texmf-dist/tex/latex/amsmath/amsopn.sty
Package: amsopn 2016/03/08 v2.02 operator names
)
\inf@bad=\count94
LaTeX Info: Redefining \frac on input line 213.
\uproot@=\count95
\leftroot@=\count96
LaTeX Info: Redefining \overline on input line 375.
\classnum@=\count97
\DOTSCASE@=\count98
LaTeX Info: Redefining \ldots on input line 472.
LaTeX Info: Redefining \dots on input line 475.
LaTeX Info: Redefining \cdots on input line 596.
\Mathstrutbox@=\box26
\strutbox@=\box27
\big@size=\dimen123
LaTeX Font Info:    Redeclaring font encoding OML on input line 712.
LaTeX Font Info:    Redeclaring font encoding OMS on input line 713.
\macc@depth=\count99
\c@MaxMatrixCols=\count100
\dotsspace@=\muskip10
\c@parentequation=\count101
\dspbrk@lvl=\count102
\tag@help=\toks19
\row@=\count103
\column@=\count104
\maxfields@=\count105
\andhelp@=\toks20
\eqnshift@=\dimen124
\alignsep@=\dimen125
\tagshift@=\dimen126
\tagwidth@=\dimen127
\totwidth@=\dimen128
\lineht@=\dimen129
\@envbody=\toks21
\multlinegap=\skip44
\multlinetaggap=\skip45
\mathdisplay@stack=\toks22
LaTeX Info: Redefining \[ on input line 2817.
LaTeX Info: Redefining \] on input line 2818.
)
(/usr/share/texmf-dist/tex/latex/mathtools/mathtools.sty
Package: mathtools 2017/10/30 v1.20 mathematical typesetting tools

(/usr/share/texmf-dist/tex/latex/tools/calc.sty
Package: calc 2014/10/28 v4.3 Infix arithmetic (KKT,FJ)
\calc@Acount=\count106
\calc@Bcount=\count107
\calc@Adimen=\dimen130
\calc@Bdimen=\dimen131
\calc@Askip=\skip46
\calc@Bskip=\skip47
LaTeX Info: Redefining \setlength on input line 80.
LaTeX Info: Redefining \addtolength on input line 81.
\calc@Ccount=\count108
\calc@Cskip=\skip48
)
(/usr/share/texmf-dist/tex/latex/mathtools/mhsetup.sty
Package: mhsetup 2017/03/31 v1.3 programming setup (MH)
)
LaTeX Info: Thecontrolsequence`\('isalreadyrobust on input line 129.
LaTeX Info: Thecontrolsequence`\)'isalreadyrobust on input line 129.
LaTeX Info: Thecontrolsequence`\['isalreadyrobust on input line 129.
LaTeX Info: Thecontrolsequence`\]'isalreadyrobust on input line 129.
\g_MT_multlinerow_int=\count109
\l_MT_multwidth_dim=\dimen132
\origjot=\skip49
\l_MT_shortvdotswithinadjustabove_dim=\dimen133
\l_MT_shortvdotswithinadjustbelow_dim=\dimen134
\l_MT_above_intertext_sep=\dimen135
\l_MT_below_intertext_sep=\dimen136
\l_MT_above_shortintertext_sep=\dimen137
\l_MT_below_shortintertext_sep=\dimen138
)
(/usr/share/texmf-dist/tex/latex/fancyhdr/fancyhdr.sty
Package: fancyhdr 2017/06/30 v3.9a Extensive control of page headers and footer
s
\f@nch@headwidth=\skip50
\f@nch@O@elh=\skip51
\f@nch@O@erh=\skip52
\f@nch@O@olh=\skip53
\f@nch@O@orh=\skip54
\f@nch@O@elf=\skip55
\f@nch@O@erf=\skip56
\f@nch@O@olf=\skip57
\f@nch@O@orf=\skip58
) (./report.aux)
\openout1 = `report.aux'.

LaTeX Font Info:    Checking defaults for OML/cmm/m/it on input line 28.
LaTeX Font Info:    ... okay on input line 28.
LaTeX Font Info:    Checking defaults for T1/cmr/m/n on input line 28.
LaTeX Font Info:    ... okay on input line 28.
LaTeX Font Info:    Checking defaults for OT1/cmr/m/n on input line 28.
LaTeX Font Info:    ... okay on input line 28.
LaTeX Font Info:    Checking defaults for OMS/cmsy/m/n on input line 28.
LaTeX Font Info:    ... okay on input line 28.
LaTeX Font Info:    Checking defaults for OMX/cmex/m/n on input line 28.
LaTeX Font Info:    ... okay on input line 28.
LaTeX Font Info:    Checking defaults for U/cmr/m/n on input line 28.
LaTeX Font Info:    ... okay on input line 28.

*geometry* driver: auto-detecting
*geometry* detected driver: pdftex
*geometry* verbose mode - [ preamble ] result:
* driver: pdftex
* paper: a4paper
* layout: <same size as paper>
* layoutoffset:(h,v)=(0.0pt,0.0pt)
* modes: 
* h-part:(L,W,R)=(56.9055pt, 483.69687pt, 56.9055pt)
* v-part:(T,H,B)=(99.58464pt, 645.87756pt, 99.58464pt)
* \paperwidth=597.50787pt
* \paperheight=845.04684pt
* \textwidth=483.69687pt
* \textheight=645.87756pt
* \oddsidemargin=-15.36449pt
* \evensidemargin=-15.36449pt
* \topmargin=-9.68535pt
* \headheight=12.0pt
* \headsep=10.77364pt
* \topskip=11.0pt
* \footskip=22.76228pt
* \marginparwidth=50.0pt
* \marginparsep=10.0pt
* \columnsep=10.0pt
* \skip\footins=10.0pt plus 4.0pt minus 2.0pt
* \hoffset=0.0pt
* \voffset=0.0pt
* \mag=1000
* \@twocolumnfalse
* \@twosidefalse
* \@mparswitchfalse
* \@reversemarginfalse
* (1in=72.27pt=25.4mm, 1cm=28.453pt)

(/usr/share/texmf-dist/tex/context/base/mkii/supp-pdf.mkii
[Loading MPS to PDF converter (version 2006.09.02).]
\scratchcounter=\count110
\scratchdimen=\dimen139
\scratchbox=\box28
\nofMPsegments=\count111
\nofMParguments=\count112
\everyMPshowfont=\toks23
\MPscratchCnt=\count113
\MPscratchDim=\dimen140
\MPnumerator=\count114
\makeMPintoPDFobject=\count115
\everyMPtoPDFconversion=\toks24
) (/usr/share/texmf-dist/tex/latex/oberdiek/epstopdf-base.sty
Package: epstopdf-base 2016/05/15 v2.6 Base part for package epstopdf

(/usr/share/texmf-dist/tex/generic/oberdiek/infwarerr.sty
Package: infwarerr 2016/05/16 v1.4 Providing info/warning/error messages (HO)
)
(/usr/share/texmf-dist/tex/latex/oberdiek/grfext.sty
Package: grfext 2016/05/16 v1.2 Manage graphics extensions (HO)

(/usr/share/texmf-dist/tex/generic/oberdiek/kvdefinekeys.sty
Package: kvdefinekeys 2016/05/16 v1.4 Define keys (HO)

(/usr/share/texmf-dist/tex/generic/oberdiek/ltxcmds.sty
Package: ltxcmds 2016/05/16 v1.23 LaTeX kernel commands for general use (HO)
)))
(/usr/share/texmf-dist/tex/latex/oberdiek/kvoptions.sty
Package: kvoptions 2016/05/16 v3.12 Key value format for package options (HO)

(/usr/share/texmf-dist/tex/generic/oberdiek/kvsetkeys.sty
Package: kvsetkeys 2016/05/16 v1.17 Key value parser (HO)

(/usr/share/texmf-dist/tex/generic/oberdiek/etexcmds.sty
Package: etexcmds 2016/05/16 v1.6 Avoid name clashes with e-TeX commands (HO)

(/usr/share/texmf-dist/tex/generic/oberdiek/ifluatex.sty
Package: ifluatex 2016/05/16 v1.4 Provides the ifluatex switch (HO)
Package ifluatex Info: LuaTeX not detected.
)
Package etexcmds Info: Could not find \expanded.
(etexcmds)             That can mean that you are not using pdfTeX 1.50 or
(etexcmds)             that some package has redefined \expanded.
(etexcmds)             In the latter case, load this package earlier.
)))
(/usr/share/texmf-dist/tex/generic/oberdiek/pdftexcmds.sty
Package: pdftexcmds 2017/03/19 v0.25 Utility functions of pdfTeX for LuaTeX (HO
)
Package pdftexcmds Info: LuaTeX not detected.
Package pdftexcmds Info: \pdf@primitive is available.
Package pdftexcmds Info: \pdf@ifprimitive is available.
Package pdftexcmds Info: \pdfdraftmode found.
)
Package epstopdf-base Info: Redefining graphics rule for `.eps' on input line 4
38.
Package grfext Info: Graphics extension search list:
(grfext)             [.pdf,.png,.jpg,.mps,.jpeg,.jbig2,.jb2,.PDF,.PNG,.JPG,.JPE
G,.JBIG2,.JB2,.eps]
(grfext)             \AppendGraphicsExtensions on input line 456.

(/usr/share/texmf-dist/tex/latex/latexconfig/epstopdf-sys.cfg
File: epstopdf-sys.cfg 2010/07/13 v1.3 Configuration of (r)epstopdf for TeX Liv
e
))
Package caption Info: Begin \AtBeginDocument code.
Package caption Info: End \AtBeginDocument code.


LaTeX Warning: No \author given.

<images/portada.jpeg, id=1, 501.875pt x 501.875pt>
File: images/portada.jpeg Graphic file (type jpg)
<use images/portada.jpeg>
Package pdftex.def Info: images/portada.jpeg  used on input line 42. on input l
ine 42.
Package pdftex.def Info: Requested size: 250.93687pt x 250.93687pt on input lin
e 42.
[1

{/var/lib/texmf/fonts/map/pdftex/updmap/pdftex.map} <./images/portada.jpeg>]
<images/lab1_1.jpg, id=9, 562.1pt x 421.575pt>
File: images/lab1_1.jpg Graphic file (type jpg)
<use images/lab1_1.jpg>
Package pdftex.def Info: images/lab1_1.jpg  used on input line 65. on input lin
e 65.
Package pdftex.def Info: Requested size: 241.84843pt x 181.38306pt on input lin
e 65.
<images/lab1_2.jpg, id=10, 562.1pt x 421.575pt>
File: images/lab1_2.jpg Graphic file (type jpg)
<use images/lab1_2.jpg>
Package pdftex.def Info: images/lab1_2.jpg  used on input line 70. on input lin
e 70.
Package pdftex.def Info: Requested size: 241.84843pt x 181.38306pt on input lin
e 70.

[2 <./images/lab1_1.jpg> <./images/lab1_2.jpg>]
<images/lab1_5.jpg, id=18, 562.1pt x 421.575pt>
File: images/lab1_5.jpg Graphic file (type jpg)
<use images/lab1_5.jpg>
Package pdftex.def Info: images/lab1_5.jpg  used on input line 95. on input lin
e 95.
Package pdftex.def Info: Requested size: 241.84843pt x 181.38306pt on input lin
e 95.
<images/lab1_4.jpg, id=19, 562.1pt x 421.575pt>
File: images/lab1_4.jpg Graphic file (type jpg)
<use images/lab1_4.jpg>
Package pdftex.def Info: images/lab1_4.jpg  used on input line 100. on input li
ne 100.
Package pdftex.def Info: Requested size: 241.84843pt x 181.38306pt on input lin
e 100.
<images/lab1_8.jpg, id=20, 562.1pt x 421.575pt>
File: images/lab1_8.jpg Graphic file (type jpg)
<use images/lab1_8.jpg>
Package pdftex.def Info: images/lab1_8.jpg  used on input line 111. on input li
ne 111.
Package pdftex.def Info: Requested size: 241.84843pt x 181.38306pt on input lin
e 111.
<images/lab1_6.jpg, id=21, 562.1pt x 421.575pt>
File: images/lab1_6.jpg Graphic file (type jpg)
<use images/lab1_6.jpg>
Package pdftex.def Info: images/lab1_6.jpg  used on input line 116. on input li
ne 116.
Package pdftex.def Info: Requested size: 241.84843pt x 181.38306pt on input lin
e 116.
 [3 <./images/lab1_5.jpg> <./images/lab1_4.jpg> <./images/lab1_8.jpg> <./images
/lab1_6.jpg>]
<images/lab1_25.jpg, id=25, 562.1pt x 421.575pt>
File: images/lab1_25.jpg Graphic file (type jpg)
<use images/lab1_25.jpg>
Package pdftex.def Info: images/lab1_25.jpg  used on input line 133. on input l
ine 133.
Package pdftex.def Info: Requested size: 241.84843pt x 181.38306pt on input lin
e 133.
<images/lab1_23.jpg, id=26, 562.1pt x 421.575pt>
File: images/lab1_23.jpg Graphic file (type jpg)
<use images/lab1_23.jpg>
Package pdftex.def Info: images/lab1_23.jpg  used on input line 138. on input l
ine 138.
Package pdftex.def Info: Requested size: 241.84843pt x 181.38306pt on input lin
e 138.
<images/lab1_28.jpg, id=27, 562.1pt x 421.575pt>
File: images/lab1_28.jpg Graphic file (type jpg)
<use images/lab1_28.jpg>
Package pdftex.def Info: images/lab1_28.jpg  used on input line 149. on input l
ine 149.
Package pdftex.def Info: Requested size: 241.84843pt x 181.38306pt on input lin
e 149.
<images/lab1_26.jpg, id=28, 562.1pt x 421.575pt>
File: images/lab1_26.jpg Graphic file (type jpg)
<use images/lab1_26.jpg>
Package pdftex.def Info: images/lab1_26.jpg  used on input line 154. on input l
ine 154.
Package pdftex.def Info: Requested size: 241.84843pt x 181.38306pt on input lin
e 154.
 [4 <./images/lab1_25.jpg> <./images/lab1_23.jpg> <./images/lab1_28.jpg> <./ima
ges/lab1_26.jpg>]
[5]
<images/lab1_9.jpg, id=37, 562.1pt x 421.575pt>
File: images/lab1_9.jpg Graphic file (type jpg)
<use images/lab1_9.jpg>
Package pdftex.def Info: images/lab1_9.jpg  used on input line 189. on input li
ne 189.
Package pdftex.def Info: Requested size: 241.84843pt x 181.38306pt on input lin
e 189.
<images/lab1_10.jpg, id=38, 562.1pt x 421.575pt>
File: images/lab1_10.jpg Graphic file (type jpg)
<use images/lab1_10.jpg>
Package pdftex.def Info: images/lab1_10.jpg  used on input line 194. on input l
ine 194.
Package pdftex.def Info: Requested size: 241.84843pt x 181.38306pt on input lin
e 194.
<images/lab1_15.jpg, id=39, 562.1pt x 421.575pt>
File: images/lab1_15.jpg Graphic file (type jpg)
<use images/lab1_15.jpg>
Package pdftex.def Info: images/lab1_15.jpg  used on input line 203. on input l
ine 203.
Package pdftex.def Info: Requested size: 290.22107pt x 217.66354pt on input lin
e 203.
 [6 <./images/lab1_9.jpg> <./images/lab1_10.jpg> <./images/lab1_15.jpg>]
<images/lab1_29.jpg, id=44, 562.1pt x 421.575pt>
File: images/lab1_29.jpg Graphic file (type jpg)
<use images/lab1_29.jpg>
Package pdftex.def Info: images/lab1_29.jpg  used on input line 218. on input l
ine 218.
Package pdftex.def Info: Requested size: 241.84843pt x 181.38306pt on input lin
e 218.
<images/lab1_30.jpg, id=45, 562.1pt x 421.575pt>
File: images/lab1_30.jpg Graphic file (type jpg)
<use images/lab1_30.jpg>
Package pdftex.def Info: images/lab1_30.jpg  used on input line 223. on input l
ine 223.
Package pdftex.def Info: Requested size: 241.84843pt x 181.38306pt on input lin
e 223.
<images/lab1_35.jpg, id=46, 562.1pt x 421.575pt>
File: images/lab1_35.jpg Graphic file (type jpg)
<use images/lab1_35.jpg>
Package pdftex.def Info: images/lab1_35.jpg  used on input line 232. on input l
ine 232.
Package pdftex.def Info: Requested size: 290.22107pt x 217.66354pt on input lin
e 232.

[7 <./images/lab1_29.jpg> <./images/lab1_30.jpg> <./images/lab1_35.jpg>]

LaTeX Warning: File `images/lab1_figure1_3.jpg' not found on input line 247.


! Package pdftex.def Error: File `images/lab1_figure1_3.jpg' not found: using d
raft setting.

See the pdftex.def package documentation for explanation.
Type  H <return>  for immediate help.
 ...                                              
                                                  
l.247 ...0.6\textwidth]{images/lab1_figure1_3.jpg}
                                                  
? 

LaTeX Warning: File `images/lab2_figure3.jpg' not found on input line 255.


! Package pdftex.def Error: File `images/lab2_figure3.jpg' not found: using dra
ft setting.

See the pdftex.def package documentation for explanation.
Type  H <return>  for immediate help.
 ...                                              
                                                  
l.255 ...h=0.6\textwidth]{images/lab2_figure3.jpg}
                                                  
? 
[8]

LaTeX Warning: File `images/lab2_figure2.jpg' not found on input line 263.


! Package pdftex.def Error: File `images/lab2_figure2.jpg' not found: using dra
ft setting.

See the pdftex.def package documentation for explanation.
Type  H <return>  for immediate help.
 ...                                              
                                                  
l.263 ...h=0.6\textwidth]{images/lab2_figure2.jpg}
                                                  
? 

LaTeX Warning: File `images/lab1_redo_figure13.jpg' not found on input line 275
.


! Package pdftex.def Error: File `images/lab1_redo_figure13.jpg' not found: usi
ng draft setting.

See the pdftex.def package documentation for explanation.
Type  H <return>  for immediate help.
 ...                                              
                                                  
l.275 ...textwidth]{images/lab1_redo_figure13.jpg}
                                                  
? 

LaTeX Warning: File `images/lab2_figure1.jpg' not found on input line 283.


! Package pdftex.def Error: File `images/lab2_figure1.jpg' not found: using dra
ft setting.

See the pdftex.def package documentation for explanation.
Type  H <return>  for immediate help.
 ...                                              
                                                  
l.283 ...h=0.6\textwidth]{images/lab2_figure1.jpg}
                                                  
? 
[9] [10] [11]

LaTeX Warning: File `images/lab2_figure4.jpg' not found on input line 291.


! Package pdftex.def Error: File `images/lab2_figure4.jpg' not found: using dra
ft setting.

See the pdftex.def package documentation for explanation.
Type  H <return>  for immediate help.
 ...                                              
                                                  
l.291 ...h=0.6\textwidth]{images/lab2_figure4.jpg}
                                                  
? 
[12]
LaTeX Font Info:    Try loading font information for OMS+cmr on input line 301.

 (/usr/share/texmf-dist/tex/latex/base/omscmr.fd
File: omscmr.fd 2014/09/29 v2.5h Standard LaTeX font definitions
)
LaTeX Font Info:    Font shape `OMS/cmr/m/n' in size <10.95> not available
(Font)              Font shape `OMS/cmsy/m/n' tried instead on input line 301.
 [13]

LaTeX Warning: File `images/lab2_figure11.jpg' not found on input line 333.


! Package pdftex.def Error: File `images/lab2_figure11.jpg' not found: using dr
aft setting.

See the pdftex.def package documentation for explanation.
Type  H <return>  for immediate help.
 ...                                              
                                                  
l.333 ...=0.6\textwidth]{images/lab2_figure11.jpg}
                                                  
? 

LaTeX Warning: File `images/lab2_figure13.jpg' not found on input line 341.


! Package pdftex.def Error: File `images/lab2_figure13.jpg' not found: using dr
aft setting.

See the pdftex.def package documentation for explanation.
Type  H <return>  for immediate help.
 ...                                              
                                                  
l.341 ...=0.6\textwidth]{images/lab2_figure13.jpg}
                                                  
? 

LaTeX Warning: File `images/lab2_figure1.jpg' not found on input line 353.


! Package pdftex.def Error: File `images/lab2_figure1.jpg' not found: using dra
ft setting.

See the pdftex.def package documentation for explanation.
Type  H <return>  for immediate help.
 ...                                              
                                                  
l.353 ...h=0.6\textwidth]{images/lab2_figure1.jpg}
                                                  
? 

LaTeX Warning: File `images/lab2_figure2.jpg' not found on input line 359.


! Package pdftex.def Error: File `images/lab2_figure2.jpg' not found: using dra
ft setting.

See the pdftex.def package documentation for explanation.
Type  H <return>  for immediate help.
 ...                                              
                                                  
l.359 ...h=0.6\textwidth]{images/lab2_figure2.jpg}
                                                  
? 
[14] [15]

LaTeX Warning: File `images/lab2_redo_figure13.jpg' not found on input line 369
.


! Package pdftex.def Error: File `images/lab2_redo_figure13.jpg' not found: usi
ng draft setting.

See the pdftex.def package documentation for explanation.
Type  H <return>  for immediate help.
 ...                                              
                                                  
l.369 ...textwidth]{images/lab2_redo_figure13.jpg}
                                                  
? 

LaTeX Warning: File `images/lab2_redo_figure14.jpg' not found on input line 375
.


! Package pdftex.def Error: File `images/lab2_redo_figure14.jpg' not found: usi
ng draft setting.

See the pdftex.def package documentation for explanation.
Type  H <return>  for immediate help.
 ...                                              
                                                  
l.375 ...textwidth]{images/lab2_redo_figure14.jpg}
                                                  
? 
[16] [17]

LaTeX Warning: File `images/lab2_redo_figure2.jpg' not found on input line 385.



! Package pdftex.def Error: File `images/lab2_redo_figure2.jpg' not found: usin
g draft setting.

See the pdftex.def package documentation for explanation.
Type  H <return>  for immediate help.
 ...                                              
                                                  
l.385 ...\textwidth]{images/lab2_redo_figure2.jpg}
                                                  
? 

LaTeX Warning: File `images/lab2_redo_figure3.jpg' not found on input line 393.



! Package pdftex.def Error: File `images/lab2_redo_figure3.jpg' not found: usin
g draft setting.

See the pdftex.def package documentation for explanation.
Type  H <return>  for immediate help.
 ...                                              
                                                  
l.393 ...\textwidth]{images/lab2_redo_figure3.jpg}
                                                  
? 
[18] [19]

LaTeX Warning: File `images/lab2_redo_figure4.jpg' not found on input line 403.



! Package pdftex.def Error: File `images/lab2_redo_figure4.jpg' not found: usin
g draft setting.

See the pdftex.def package documentation for explanation.
Type  H <return>  for immediate help.
 ...                                              
                                                  
l.403 ...\textwidth]{images/lab2_redo_figure4.jpg}
                                                  
? 

LaTeX Warning: File `images/lab2_redo_figure5.jpg' not found on input line 411.



! Package pdftex.def Error: File `images/lab2_redo_figure5.jpg' not found: usin
g draft setting.

See the pdftex.def package documentation for explanation.
Type  H <return>  for immediate help.
 ...                                              
                                                  
l.411 ...\textwidth]{images/lab2_redo_figure5.jpg}
                                                  
? 
[20] [21]

LaTeX Warning: File `images/lab2_redo_figure6.jpg' not found on input line 421.



! Package pdftex.def Error: File `images/lab2_redo_figure6.jpg' not found: usin
g draft setting.

See the pdftex.def package documentation for explanation.
Type  H <return>  for immediate help.
 ...                                              
                                                  
l.421 ...\textwidth]{images/lab2_redo_figure6.jpg}
                                                  
? 

LaTeX Warning: File `images/lab2_redo_figure7.jpg' not found on input line 429.



! Package pdftex.def Error: File `images/lab2_redo_figure7.jpg' not found: usin
g draft setting.

See the pdftex.def package documentation for explanation.
Type  H <return>  for immediate help.
 ...                                              
                                                  
l.429 ...\textwidth]{images/lab2_redo_figure7.jpg}
                                                  
? 
[22] [23]

LaTeX Warning: File `images/lab2_figure3.jpg' not found on input line 441.


! Package pdftex.def Error: File `images/lab2_figure3.jpg' not found: using dra
ft setting.

See the pdftex.def package documentation for explanation.
Type  H <return>  for immediate help.
 ...                                              
                                                  
l.441 ...h=0.6\textwidth]{images/lab2_figure3.jpg}
                                                  
? 

LaTeX Warning: File `images/lab2_figure2.jpg' not found on input line 447.


! Package pdftex.def Error: File `images/lab2_figure2.jpg' not found: using dra
ft setting.

See the pdftex.def package documentation for explanation.
Type  H <return>  for immediate help.
 ...                                              
                                                  
l.447 ...h=0.6\textwidth]{images/lab2_figure2.jpg}
                                                  
? 
[24] [25]

LaTeX Warning: File `images/lab2_figure3.jpg' not found on input line 457.


! Package pdftex.def Error: File `images/lab2_figure3.jpg' not found: using dra
ft setting.

See the pdftex.def package documentation for explanation.
Type  H <return>  for immediate help.
 ...                                              
                                                  
l.457 ...h=0.6\textwidth]{images/lab2_figure3.jpg}
                                                  
? 

LaTeX Warning: File `images/lab2_figure2.jpg' not found on input line 463.


! Package pdftex.def Error: File `images/lab2_figure2.jpg' not found: using dra
ft setting.

See the pdftex.def package documentation for explanation.
Type  H <return>  for immediate help.
 ...                                              
                                                  
l.463 ...h=0.6\textwidth]{images/lab2_figure2.jpg}
                                                  
? 
[26] [27]

LaTeX Warning: File `images/lab1_figure1_3.jpg' not found on input line 473.


! Package pdftex.def Error: File `images/lab1_figure1_3.jpg' not found: using d
raft setting.

See the pdftex.def package documentation for explanation.
Type  H <return>  for immediate help.
 ...                                              
                                                  
l.473 ...0.6\textwidth]{images/lab1_figure1_3.jpg}
                                                  
? 

LaTeX Warning: File `images/lab2_redo_figure15.jpg' not found on input line 481
.


! Package pdftex.def Error: File `images/lab2_redo_figure15.jpg' not found: usi
ng draft setting.

See the pdftex.def package documentation for explanation.
Type  H <return>  for immediate help.
 ...                                              
                                                  
l.481 ...textwidth]{images/lab2_redo_figure15.jpg}
                                                  
? 
[28] [29]

LaTeX Warning: File `images/lab2_redo_figure16.jpg' not found on input line 491
.


! Package pdftex.def Error: File `images/lab2_redo_figure16.jpg' not found: usi
ng draft setting.

See the pdftex.def package documentation for explanation.
Type  H <return>  for immediate help.
 ...                                              
                                                  
l.491 ...textwidth]{images/lab2_redo_figure16.jpg}
                                                  
? 

LaTeX Warning: File `images/lab2_figure10.jpg' not found on input line 499.


! Package pdftex.def Error: File `images/lab2_figure10.jpg' not found: using dr
aft setting.

See the pdftex.def package documentation for explanation.
Type  H <return>  for immediate help.
 ...                                              
                                                  
l.499 ...=0.6\textwidth]{images/lab2_figure10.jpg}
                                                  
? 
[30] [31]

LaTeX Warning: File `images/lab2_figure12.jpg' not found on input line 509.


! Package pdftex.def Error: File `images/lab2_figure12.jpg' not found: using dr
aft setting.

See the pdftex.def package documentation for explanation.
Type  H <return>  for immediate help.
 ...                                              
                                                  
l.509 ...=0.6\textwidth]{images/lab2_figure12.jpg}
                                                  
? 

LaTeX Warning: File `images/lab2_figure14.jpg' not found on input line 517.


! Package pdftex.def Error: File `images/lab2_figure14.jpg' not found: using dr
aft setting.

See the pdftex.def package documentation for explanation.
Type  H <return>  for immediate help.
 ...                                              
                                                  
l.517 ...=0.6\textwidth]{images/lab2_figure14.jpg}
                                                  
? 
[32] [33] [34] [35]

LaTeX Warning: File `images/lab3_figure1_1.jpg' not found on input line 596.


! Package pdftex.def Error: File `images/lab3_figure1_1.jpg' not found: using d
raft setting.

See the pdftex.def package documentation for explanation.
Type  H <return>  for immediate help.
 ...                                              
                                                  
l.596 ...0.6\textwidth]{images/lab3_figure1_1.jpg}
                                                  
? 

LaTeX Warning: File `images/lab3_figure1_2.jpg' not found on input line 604.


! Package pdftex.def Error: File `images/lab3_figure1_2.jpg' not found: using d
raft setting.

See the pdftex.def package documentation for explanation.
Type  H <return>  for immediate help.
 ...                                              
                                                  
l.604 ...0.6\textwidth]{images/lab3_figure1_2.jpg}
                                                  
? 
[36] [37]

LaTeX Warning: File `images/lab3_figure2_1.jpg' not found on input line 616.


! Package pdftex.def Error: File `images/lab3_figure2_1.jpg' not found: using d
raft setting.

See the pdftex.def package documentation for explanation.
Type  H <return>  for immediate help.
 ...                                              
                                                  
l.616 ...0.6\textwidth]{images/lab3_figure2_1.jpg}
                                                  
? 

LaTeX Warning: File `images/lab3_figure2_2.jpg' not found on input line 624.


! Package pdftex.def Error: File `images/lab3_figure2_2.jpg' not found: using d
raft setting.

See the pdftex.def package documentation for explanation.
Type  H <return>  for immediate help.
 ...                                              
                                                  
l.624 ...0.6\textwidth]{images/lab3_figure2_2.jpg}
                                                  
? 
[38] [39]

LaTeX Warning: File `images/lab3_figure2_3.jpg' not found on input line 634.


! Package pdftex.def Error: File `images/lab3_figure2_3.jpg' not found: using d
raft setting.

See the pdftex.def package documentation for explanation.
Type  H <return>  for immediate help.
 ...                                              
                                                  
l.634 ...0.6\textwidth]{images/lab3_figure2_3.jpg}
                                                  
? 
[40] [41]

LaTeX Warning: File `images/lab3_figure9_1.jpg' not found on input line 648.


! Package pdftex.def Error: File `images/lab3_figure9_1.jpg' not found: using d
raft setting.

See the pdftex.def package documentation for explanation.
Type  H <return>  for immediate help.
 ...                                              
                                                  
l.648 ...0.6\textwidth]{images/lab3_figure9_1.jpg}
                                                  
? 

LaTeX Warning: File `images/lab3_figure9_2.jpg' not found on input line 656.


! Package pdftex.def Error: File `images/lab3_figure9_2.jpg' not found: using d
raft setting.

See the pdftex.def package documentation for explanation.
Type  H <return>  for immediate help.
 ...                                              
                                                  
l.656 ...0.6\textwidth]{images/lab3_figure9_2.jpg}
                                                  
? 
[42]

LaTeX Warning: File `images/lab3_figure9_3.jpg' not found on input line 666.


! Package pdftex.def Error: File `images/lab3_figure9_3.jpg' not found: using d
raft setting.

See the pdftex.def package documentation for explanation.
Type  H <return>  for immediate help.
 ...                                              
                                                  
l.666 ...0.6\textwidth]{images/lab3_figure9_3.jpg}
                                                  
? 

LaTeX Warning: File `images/lab3_figure9_4.jpg' not found on input line 674.


! Package pdftex.def Error: File `images/lab3_figure9_4.jpg' not found: using d
raft setting.

See the pdftex.def package documentation for explanation.
Type  H <return>  for immediate help.
 ...                                              
                                                  
l.674 ...0.6\textwidth]{images/lab3_figure9_4.jpg}
                                                  
? 
[43] [44]

LaTeX Warning: File `images/lab3_figure10.jpg' not found on input line 688.


! Package pdftex.def Error: File `images/lab3_figure10.jpg' not found: using dr
aft setting.

See the pdftex.def package documentation for explanation.
Type  H <return>  for immediate help.
 ...                                              
                                                  
l.688 ...=0.6\textwidth]{images/lab3_figure10.jpg}
                                                  
? 

LaTeX Warning: File `images/lab3_figure10_1.jpg' not found on input line 696.


! Package pdftex.def Error: File `images/lab3_figure10_1.jpg' not found: using 
draft setting.

See the pdftex.def package documentation for explanation.
Type  H <return>  for immediate help.
 ...                                              
                                                  
l.696 ....6\textwidth]{images/lab3_figure10_1.jpg}
                                                  
? 
[45] [46]

LaTeX Warning: File `images/lab3_figure10_4.jpg' not found on input line 706.


! Package pdftex.def Error: File `images/lab3_figure10_4.jpg' not found: using 
draft setting.

See the pdftex.def package documentation for explanation.
Type  H <return>  for immediate help.
 ...                                              
                                                  
l.706 ....6\textwidth]{images/lab3_figure10_4.jpg}
                                                  
? 

LaTeX Warning: File `images/lab3_redo_33.jpg' not found on input line 716.


! Package pdftex.def Error: File `images/lab3_redo_33.jpg' not found: using dra
ft setting.

See the pdftex.def package documentation for explanation.
Type  H <return>  for immediate help.
 ...                                              
                                                  
l.716 ...h=0.6\textwidth]{images/lab3_redo_33.jpg}
                                                  
? 
[47] [48]

LaTeX Warning: File `images/lab3_redo_34.jpg' not found on input line 726.


! Package pdftex.def Error: File `images/lab3_redo_34.jpg' not found: using dra
ft setting.

See the pdftex.def package documentation for explanation.
Type  H <return>  for immediate help.
 ...                                              
                                                  
l.726 ...h=0.6\textwidth]{images/lab3_redo_34.jpg}
                                                  
? 

LaTeX Warning: File `images/lab3_redo_35.jpg' not found on input line 734.


! Package pdftex.def Error: File `images/lab3_redo_35.jpg' not found: using dra
ft setting.

See the pdftex.def package documentation for explanation.
Type  H <return>  for immediate help.
 ...                                              
                                                  
l.734 ...h=0.6\textwidth]{images/lab3_redo_35.jpg}
                                                  
? 
[49] [50]

LaTeX Warning: File `images/lab3_redo_36.jpg' not found on input line 744.


! Package pdftex.def Error: File `images/lab3_redo_36.jpg' not found: using dra
ft setting.

See the pdftex.def package documentation for explanation.
Type  H <return>  for immediate help.
 ...                                              
                                                  
l.744 ...h=0.6\textwidth]{images/lab3_redo_36.jpg}
                                                  
? 
[51] [52]

LaTeX Warning: File `images/lab3_redo_26.jpg' not found on input line 758.


! Package pdftex.def Error: File `images/lab3_redo_26.jpg' not found: using dra
ft setting.

See the pdftex.def package documentation for explanation.
Type  H <return>  for immediate help.
 ...                                              
                                                  
l.758 ...h=0.6\textwidth]{images/lab3_redo_26.jpg}
                                                  
? 

LaTeX Warning: File `images/lab3_redo_27.jpg' not found on input line 766.


! Package pdftex.def Error: File `images/lab3_redo_27.jpg' not found: using dra
ft setting.

See the pdftex.def package documentation for explanation.
Type  H <return>  for immediate help.
 ...                                              
                                                  
l.766 ...h=0.6\textwidth]{images/lab3_redo_27.jpg}
                                                  
? 
[53]

LaTeX Warning: File `images/lab3_redo_28.jpg' not found on input line 776.


! Package pdftex.def Error: File `images/lab3_redo_28.jpg' not found: using dra
ft setting.

See the pdftex.def package documentation for explanation.
Type  H <return>  for immediate help.
 ...                                              
                                                  
l.776 ...h=0.6\textwidth]{images/lab3_redo_28.jpg}
                                                  
? 
[54] [55] [56]

LaTeX Warning: File `images/lab4_figure11.jpg' not found on input line 840.


! Package pdftex.def Error: File `images/lab4_figure11.jpg' not found: using dr
aft setting.

See the pdftex.def package documentation for explanation.
Type  H <return>  for immediate help.
 ...                                              
                                                  
l.840 ...=0.6\textwidth]{images/lab4_figure11.jpg}
                                                  
? 

LaTeX Warning: File `images/lab4_figure12.jpg' not found on input line 848.


! Package pdftex.def Error: File `images/lab4_figure12.jpg' not found: using dr
aft setting.

See the pdftex.def package documentation for explanation.
Type  H <return>  for immediate help.
 ...                                              
                                                  
l.848 ...=0.6\textwidth]{images/lab4_figure12.jpg}
                                                  
? 
[57]

LaTeX Warning: File `images/lab4_figure7.jpg' not found on input line 860.


! Package pdftex.def Error: File `images/lab4_figure7.jpg' not found: using dra
ft setting.

See the pdftex.def package documentation for explanation.
Type  H <return>  for immediate help.
 ...                                              
                                                  
l.860 ...h=0.6\textwidth]{images/lab4_figure7.jpg}
                                                  
? 

LaTeX Warning: File `images/lab4_figure8.jpg' not found on input line 868.


! Package pdftex.def Error: File `images/lab4_figure8.jpg' not found: using dra
ft setting.

See the pdftex.def package documentation for explanation.
Type  H <return>  for immediate help.
 ...                                              
                                                  
l.868 ...h=0.6\textwidth]{images/lab4_figure8.jpg}
                                                  
? 
[58] [59]

LaTeX Warning: File `images/lab4_figure9.jpg' not found on input line 878.


! Package pdftex.def Error: File `images/lab4_figure9.jpg' not found: using dra
ft setting.

See the pdftex.def package documentation for explanation.
Type  H <return>  for immediate help.
 ...                                              
                                                  
l.878 ...h=0.6\textwidth]{images/lab4_figure9.jpg}
                                                  
? 
[60] [61] (./report.aux) ) 
Here is how much of TeX's memory you used:
 5265 strings out of 492985
 76632 string characters out of 6138637
 156605 words of memory out of 5000000
 8684 multiletter control sequences out of 15000+600000
 10530 words of font info for 38 fonts, out of 8000000 for 9000
 1141 hyphenation exceptions out of 8191
 41i,7n,43p,481b,341s stack positions out of 5000i,500n,10000p,200000b,80000s
</usr/share/texmf-dist/fonts/type1/public/amsfonts/cm
/cmbx10.pfb></usr/share/texmf-dist/fonts/type1/public/amsfonts/cm/cmbx12.pfb></
usr/share/texmf-dist/fonts/type1/public/amsfonts/cm/cmex10.pfb></usr/share/texm
f-dist/fonts/type1/public/amsfonts/cm/cmmi10.pfb></usr/share/texmf-dist/fonts/t
ype1/public/amsfonts/cm/cmmi8.pfb></usr/share/texmf-dist/fonts/type1/public/ams
fonts/cm/cmr10.pfb></usr/share/texmf-dist/fonts/type1/public/amsfonts/cm/cmr6.p
fb></usr/share/texmf-dist/fonts/type1/public/amsfonts/cm/cmr8.pfb></usr/share/t
exmf-dist/fonts/type1/public/amsfonts/cm/cmsy10.pfb></usr/share/texmf-dist/font
s/type1/public/amsfonts/cm/cmsy8.pfb></usr/share/texmf-dist/fonts/type1/public/
amsfonts/cm/cmti10.pfb></usr/share/texmf-dist/fonts/type1/public/amsfonts/cm/cm
tt10.pfb>
Output written on report.pdf (61 pages, 546854 bytes).
PDF statistics:
 267 PDF objects out of 1000 (max. 8388607)
 173 compressed objects within 2 object streams
 0 named destinations out of 1000 (max. 500000)
 86 words of extra memory for PDF output out of 10000 (max. 10000000)

